<?xml version="1.0" encoding="utf-8"?>
<testsuites>
<testsuite package="org.eslint" time="0" tests="2" errors="2" name="/home/clacina/projects/OurSpending/spending-ui/src/components/banks/banks.component.jsx">
<testcase time="0" name="org.eslint.no-unused-vars" classname="/home/clacina/projects/OurSpending/spending-ui/src/components/banks/banks.component"><failure message="&apos;setUpdate&apos; is assigned a value but never used."><![CDATA[line 13, col 48, Warning - &apos;setUpdate&apos; is assigned a value but never used. (no-unused-vars)]]></failure></testcase>
<testcase time="0" name="org.eslint.react-hooks/exhaustive-deps" classname="/home/clacina/projects/OurSpending/spending-ui/src/components/banks/banks.component"><failure message="React Hook useEffect has a missing dependency: &apos;setSectionTitle&apos;. Either include it or remove the dependency array."><![CDATA[line 30, col 8, Warning - React Hook useEffect has a missing dependency: &apos;setSectionTitle&apos;. Either include it or remove the dependency array. (react-hooks/exhaustive-deps)]]></failure></testcase>
</testsuite>
<testsuite package="org.eslint" time="0" tests="1" errors="1" name="/home/clacina/projects/OurSpending/spending-ui/src/components/batches/batches.component.jsx">
<testcase time="0" name="org.eslint.no-unused-vars" classname="/home/clacina/projects/OurSpending/spending-ui/src/components/batches/batches.component"><failure message="&apos;TableBaseComponent&apos; is defined but never used."><![CDATA[line 6, col 8, Warning - &apos;TableBaseComponent&apos; is defined but never used. (no-unused-vars)]]></failure></testcase>
</testsuite>
<testsuite package="org.eslint" time="0" tests="2" errors="2" name="/home/clacina/projects/OurSpending/spending-ui/src/components/categories/categories.component.jsx">
<testcase time="0" name="org.eslint.no-unused-vars" classname="/home/clacina/projects/OurSpending/spending-ui/src/components/categories/categories.component"><failure message="&apos;taxableFormatter&apos; is assigned a value but never used."><![CDATA[line 26, col 11, Warning - &apos;taxableFormatter&apos; is assigned a value but never used. (no-unused-vars)]]></failure></testcase>
<testcase time="0" name="org.eslint.react-hooks/exhaustive-deps" classname="/home/clacina/projects/OurSpending/spending-ui/src/components/categories/categories.component"><failure message="React Hook useEffect has a missing dependency: &apos;setSectionTitle&apos;. Either include it or remove the dependency array."><![CDATA[line 100, col 8, Warning - React Hook useEffect has a missing dependency: &apos;setSectionTitle&apos;. Either include it or remove the dependency array. (react-hooks/exhaustive-deps)]]></failure></testcase>
</testsuite>
<testsuite package="org.eslint" time="0" tests="1" errors="0" name="/home/clacina/projects/OurSpending/spending-ui/src/components/category-select-dialog/category_select_dialog.component.jsx">
<testcase time="0" name="/home/clacina/projects/OurSpending/spending-ui/src/components/category-select-dialog/category_select_dialog.component.jsx" classname="/home/clacina/projects/OurSpending/spending-ui/src/components/category-select-dialog/category_select_dialog.component" />
</testsuite>
<testsuite package="org.eslint" time="0" tests="2" errors="2" name="/home/clacina/projects/OurSpending/spending-ui/src/components/credit-cards/credit.card.component.jsx">
<testcase time="0" name="org.eslint.no-unused-vars" classname="/home/clacina/projects/OurSpending/spending-ui/src/components/credit-cards/credit.card.component"><failure message="&apos;ModalPromptComponent&apos; is defined but never used."><![CDATA[line 7, col 8, Warning - &apos;ModalPromptComponent&apos; is defined but never used. (no-unused-vars)]]></failure></testcase>
<testcase time="0" name="org.eslint.react-hooks/exhaustive-deps" classname="/home/clacina/projects/OurSpending/spending-ui/src/components/credit-cards/credit.card.component"><failure message="React Hook useEffect has missing dependencies: &apos;buildCreditRecords&apos;, &apos;generateCreditCardColumns&apos;, &apos;generateLoanColumns&apos;, &apos;generateServiceColumns&apos;, &apos;loanInfo&apos;, &apos;servicesInfo&apos;, and &apos;setSectionTitle&apos;. Either include them or remove the dependency array."><![CDATA[line 38, col 8, Warning - React Hook useEffect has missing dependencies: &apos;buildCreditRecords&apos;, &apos;generateCreditCardColumns&apos;, &apos;generateLoanColumns&apos;, &apos;generateServiceColumns&apos;, &apos;loanInfo&apos;, &apos;servicesInfo&apos;, and &apos;setSectionTitle&apos;. Either include them or remove the dependency array. (react-hooks/exhaustive-deps)]]></failure></testcase>
</testsuite>
<testsuite package="org.eslint" time="0" tests="15" errors="15" name="/home/clacina/projects/OurSpending/spending-ui/src/components/credit-cards/credit.card.data.update.form.jsx">
<testcase time="0" name="org.eslint.no-unused-vars" classname="/home/clacina/projects/OurSpending/spending-ui/src/components/credit-cards/credit.card.data.update.form"><failure message="&apos;BootstrapTable&apos; is defined but never used."><![CDATA[line 3, col 8, Warning - &apos;BootstrapTable&apos; is defined but never used. (no-unused-vars)]]></failure></testcase>
<testcase time="0" name="org.eslint.no-unused-vars" classname="/home/clacina/projects/OurSpending/spending-ui/src/components/credit-cards/credit.card.data.update.form"><failure message="&apos;nanoid&apos; is defined but never used."><![CDATA[line 4, col 9, Warning - &apos;nanoid&apos; is defined but never used. (no-unused-vars)]]></failure></testcase>
<testcase time="0" name="org.eslint.no-unused-vars" classname="/home/clacina/projects/OurSpending/spending-ui/src/components/credit-cards/credit.card.data.update.form"><failure message="&apos;HeaderButton&apos; is defined but never used."><![CDATA[line 6, col 9, Warning - &apos;HeaderButton&apos; is defined but never used. (no-unused-vars)]]></failure></testcase>
<testcase time="0" name="org.eslint.no-unused-vars" classname="/home/clacina/projects/OurSpending/spending-ui/src/components/credit-cards/credit.card.data.update.form"><failure message="&apos;ModalPromptComponent&apos; is defined but never used."><![CDATA[line 7, col 8, Warning - &apos;ModalPromptComponent&apos; is defined but never used. (no-unused-vars)]]></failure></testcase>
<testcase time="0" name="org.eslint.no-unused-vars" classname="/home/clacina/projects/OurSpending/spending-ui/src/components/credit-cards/credit.card.data.update.form"><failure message="&apos;confirmAlert&apos; is defined but never used."><![CDATA[line 10, col 9, Warning - &apos;confirmAlert&apos; is defined but never used. (no-unused-vars)]]></failure></testcase>
<testcase time="0" name="org.eslint.no-unused-vars" classname="/home/clacina/projects/OurSpending/spending-ui/src/components/credit-cards/credit.card.data.update.form"><failure message="&apos;setIsOpen&apos; is assigned a value but never used."><![CDATA[line 31, col 20, Warning - &apos;setIsOpen&apos; is assigned a value but never used. (no-unused-vars)]]></failure></testcase>
<testcase time="0" name="org.eslint.no-unused-vars" classname="/home/clacina/projects/OurSpending/spending-ui/src/components/credit-cards/credit.card.data.update.form"><failure message="&apos;institutionsMap&apos; is assigned a value but never used."><![CDATA[line 33, col 12, Warning - &apos;institutionsMap&apos; is assigned a value but never used. (no-unused-vars)]]></failure></testcase>
<testcase time="0" name="org.eslint.no-unused-vars" classname="/home/clacina/projects/OurSpending/spending-ui/src/components/credit-cards/credit.card.data.update.form"><failure message="&apos;updateInstitution&apos; is assigned a value but never used."><![CDATA[line 33, col 29, Warning - &apos;updateInstitution&apos; is assigned a value but never used. (no-unused-vars)]]></failure></testcase>
<testcase time="0" name="org.eslint.no-unused-vars" classname="/home/clacina/projects/OurSpending/spending-ui/src/components/credit-cards/credit.card.data.update.form"><failure message="&apos;setUpdate&apos; is assigned a value but never used."><![CDATA[line 33, col 48, Warning - &apos;setUpdate&apos; is assigned a value but never used. (no-unused-vars)]]></failure></testcase>
<testcase time="0" name="org.eslint.no-unused-vars" classname="/home/clacina/projects/OurSpending/spending-ui/src/components/credit-cards/credit.card.data.update.form"><failure message="&apos;newBalance&apos; is assigned a value but never used."><![CDATA[line 34, col 12, Warning - &apos;newBalance&apos; is assigned a value but never used. (no-unused-vars)]]></failure></testcase>
<testcase time="0" name="org.eslint.no-unused-vars" classname="/home/clacina/projects/OurSpending/spending-ui/src/components/credit-cards/credit.card.data.update.form"><failure message="&apos;setNewBalance&apos; is assigned a value but never used."><![CDATA[line 34, col 24, Warning - &apos;setNewBalance&apos; is assigned a value but never used. (no-unused-vars)]]></failure></testcase>
<testcase time="0" name="org.eslint.no-unused-vars" classname="/home/clacina/projects/OurSpending/spending-ui/src/components/credit-cards/credit.card.data.update.form"><failure message="&apos;newMinimum&apos; is assigned a value but never used."><![CDATA[line 35, col 12, Warning - &apos;newMinimum&apos; is assigned a value but never used. (no-unused-vars)]]></failure></testcase>
<testcase time="0" name="org.eslint.no-unused-vars" classname="/home/clacina/projects/OurSpending/spending-ui/src/components/credit-cards/credit.card.data.update.form"><failure message="&apos;setNewMinimum&apos; is assigned a value but never used."><![CDATA[line 35, col 24, Warning - &apos;setNewMinimum&apos; is assigned a value but never used. (no-unused-vars)]]></failure></testcase>
<testcase time="0" name="org.eslint.no-unused-vars" classname="/home/clacina/projects/OurSpending/spending-ui/src/components/credit-cards/credit.card.data.update.form"><failure message="&apos;creditCardData&apos; is assigned a value but never used."><![CDATA[line 36, col 28, Warning - &apos;creditCardData&apos; is assigned a value but never used. (no-unused-vars)]]></failure></testcase>
<testcase time="0" name="org.eslint.react-hooks/exhaustive-deps" classname="/home/clacina/projects/OurSpending/spending-ui/src/components/credit-cards/credit.card.data.update.form"><failure message="React Hook useEffect has a missing dependency: &apos;creditCardInfo&apos;. Either include it or remove the dependency array."><![CDATA[line 56, col 8, Warning - React Hook useEffect has a missing dependency: &apos;creditCardInfo&apos;. Either include it or remove the dependency array. (react-hooks/exhaustive-deps)]]></failure></testcase>
</testsuite>
<testsuite package="org.eslint" time="0" tests="2" errors="2" name="/home/clacina/projects/OurSpending/spending-ui/src/components/events/events.component.jsx">
<testcase time="0" name="org.eslint.no-unused-vars" classname="/home/clacina/projects/OurSpending/spending-ui/src/components/events/events.component"><failure message="&apos;useEffect&apos; is defined but never used."><![CDATA[line 2, col 21, Warning - &apos;useEffect&apos; is defined but never used. (no-unused-vars)]]></failure></testcase>
<testcase time="0" name="org.eslint.no-unused-vars" classname="/home/clacina/projects/OurSpending/spending-ui/src/components/events/events.component"><failure message="&apos;useState&apos; is defined but never used."><![CDATA[line 2, col 32, Warning - &apos;useState&apos; is defined but never used. (no-unused-vars)]]></failure></testcase>
</testsuite>
<testsuite package="org.eslint" time="0" tests="1" errors="0" name="/home/clacina/projects/OurSpending/spending-ui/src/components/faire/faire.component.jsx">
<testcase time="0" name="/home/clacina/projects/OurSpending/spending-ui/src/components/faire/faire.component.jsx" classname="/home/clacina/projects/OurSpending/spending-ui/src/components/faire/faire.component" />
</testsuite>
<testsuite package="org.eslint" time="0" tests="1" errors="0" name="/home/clacina/projects/OurSpending/spending-ui/src/components/note-edit-dialog/note_edit_dialog.component.jsx">
<testcase time="0" name="/home/clacina/projects/OurSpending/spending-ui/src/components/note-edit-dialog/note_edit_dialog.component.jsx" classname="/home/clacina/projects/OurSpending/spending-ui/src/components/note-edit-dialog/note_edit_dialog.component" />
</testsuite>
<testsuite package="org.eslint" time="0" tests="1" errors="0" name="/home/clacina/projects/OurSpending/spending-ui/src/components/note-edit-dialog/note_edit_dialog.component.styles.jsx">
<testcase time="0" name="/home/clacina/projects/OurSpending/spending-ui/src/components/note-edit-dialog/note_edit_dialog.component.styles.jsx" classname="/home/clacina/projects/OurSpending/spending-ui/src/components/note-edit-dialog/note_edit_dialog.component.styles" />
</testsuite>
<testsuite package="org.eslint" time="0" tests="2" errors="2" name="/home/clacina/projects/OurSpending/spending-ui/src/components/processed-batches/processed-batches.component.jsx">
<testcase time="0" name="org.eslint.no-unused-vars" classname="/home/clacina/projects/OurSpending/spending-ui/src/components/processed-batches/processed-batches.component"><failure message="&apos;Submenu&apos; is defined but never used."><![CDATA[line 13, col 45, Warning - &apos;Submenu&apos; is defined but never used. (no-unused-vars)]]></failure></testcase>
<testcase time="0" name="org.eslint.react-hooks/exhaustive-deps" classname="/home/clacina/projects/OurSpending/spending-ui/src/components/processed-batches/processed-batches.component"><failure message="React Hook useEffect has a missing dependency: &apos;setSectionTitle&apos;. Either include it or remove the dependency array."><![CDATA[line 36, col 8, Warning - React Hook useEffect has a missing dependency: &apos;setSectionTitle&apos;. Either include it or remove the dependency array. (react-hooks/exhaustive-deps)]]></failure></testcase>
</testsuite>
<testsuite package="org.eslint" time="0" tests="2" errors="2" name="/home/clacina/projects/OurSpending/spending-ui/src/components/processed-transactions/bank.component.jsx">
<testcase time="0" name="org.eslint.no-unused-vars" classname="/home/clacina/projects/OurSpending/spending-ui/src/components/processed-transactions/bank.component"><failure message="&apos;StaticDataContext&apos; is defined but never used."><![CDATA[line 2, col 9, Warning - &apos;StaticDataContext&apos; is defined but never used. (no-unused-vars)]]></failure></testcase>
<testcase time="0" name="org.eslint.react-hooks/exhaustive-deps" classname="/home/clacina/projects/OurSpending/spending-ui/src/components/processed-transactions/bank.component"><failure message="React Hook useEffect has a missing dependency: &apos;institutionsMap&apos;. Either include it or remove the dependency array."><![CDATA[line 18, col 8, Warning - React Hook useEffect has a missing dependency: &apos;institutionsMap&apos;. Either include it or remove the dependency array. (react-hooks/exhaustive-deps)]]></failure></testcase>
</testsuite>
<testsuite package="org.eslint" time="0" tests="1" errors="0" name="/home/clacina/projects/OurSpending/spending-ui/src/components/processed-transactions/category-title.component.jsx">
<testcase time="0" name="/home/clacina/projects/OurSpending/spending-ui/src/components/processed-transactions/category-title.component.jsx" classname="/home/clacina/projects/OurSpending/spending-ui/src/components/processed-transactions/category-title.component" />
</testsuite>
<testsuite package="org.eslint" time="0" tests="4" errors="4" name="/home/clacina/projects/OurSpending/spending-ui/src/components/processed-transactions/category.component.jsx">
<testcase time="0" name="org.eslint.no-unused-vars" classname="/home/clacina/projects/OurSpending/spending-ui/src/components/processed-transactions/category.component"><failure message="&apos;Submenu&apos; is defined but never used."><![CDATA[line 9, col 46, Warning - &apos;Submenu&apos; is defined but never used. (no-unused-vars)]]></failure></testcase>
<testcase time="0" name="org.eslint.no-unused-vars" classname="/home/clacina/projects/OurSpending/spending-ui/src/components/processed-transactions/category.component"><failure message="&apos;editContent&apos; is assigned a value but never used."><![CDATA[line 27, col 12, Warning - &apos;editContent&apos; is assigned a value but never used. (no-unused-vars)]]></failure></testcase>
<testcase time="0" name="org.eslint.no-unused-vars" classname="/home/clacina/projects/OurSpending/spending-ui/src/components/processed-transactions/category.component"><failure message="&apos;setEditContent&apos; is assigned a value but never used."><![CDATA[line 27, col 25, Warning - &apos;setEditContent&apos; is assigned a value but never used. (no-unused-vars)]]></failure></testcase>
<testcase time="0" name="org.eslint.react-hooks/exhaustive-deps" classname="/home/clacina/projects/OurSpending/spending-ui/src/components/processed-transactions/category.component"><failure message="React Hook useEffect has a missing dependency: &apos;category&apos;. Either include it or remove the dependency array."><![CDATA[line 51, col 8, Warning - React Hook useEffect has a missing dependency: &apos;category&apos;. Either include it or remove the dependency array. (react-hooks/exhaustive-deps)]]></failure></testcase>
</testsuite>
<testsuite package="org.eslint" time="0" tests="1" errors="1" name="/home/clacina/projects/OurSpending/spending-ui/src/components/processed-transactions/header.component.jsx">
<testcase time="0" name="org.eslint.no-unused-vars" classname="/home/clacina/projects/OurSpending/spending-ui/src/components/processed-transactions/header.component"><failure message="&apos;setCurrentFilterName&apos; is assigned a value but never used."><![CDATA[line 31, col 31, Warning - &apos;setCurrentFilterName&apos; is assigned a value but never used. (no-unused-vars)]]></failure></testcase>
</testsuite>
<testsuite package="org.eslint" time="0" tests="8" errors="8" name="/home/clacina/projects/OurSpending/spending-ui/src/components/processed-transactions/processed-transactions.component.jsx">
<testcase time="0" name="org.eslint.react-hooks/exhaustive-deps" classname="/home/clacina/projects/OurSpending/spending-ui/src/components/processed-transactions/processed-transactions.component"><failure message="React Hook useEffect has missing dependencies: &apos;getBatchDetails&apos;, &apos;getTransactions&apos;, and &apos;routeParams.batch_id&apos;. Either include them or remove the dependency array."><![CDATA[line 83, col 8, Warning - React Hook useEffect has missing dependencies: &apos;getBatchDetails&apos;, &apos;getTransactions&apos;, and &apos;routeParams.batch_id&apos;. Either include them or remove the dependency array. (react-hooks/exhaustive-deps)]]></failure></testcase>
<testcase time="0" name="org.eslint.react-hooks/exhaustive-deps" classname="/home/clacina/projects/OurSpending/spending-ui/src/components/processed-transactions/processed-transactions.component"><failure message="Assignments to the &apos;templateGroups&apos; variable from inside React Hook useEffect will be lost after each render. To preserve the value over time, store it in a useRef Hook and keep the mutable value in the &apos;.current&apos; property. Otherwise, you can move this variable directly inside useEffect."><![CDATA[line 130, col 30, Warning - Assignments to the &apos;templateGroups&apos; variable from inside React Hook useEffect will be lost after each render. To preserve the value over time, store it in a useRef Hook and keep the mutable value in the &apos;.current&apos; property. Otherwise, you can move this variable directly inside useEffect. (react-hooks/exhaustive-deps)]]></failure></testcase>
<testcase time="0" name="org.eslint.react-hooks/exhaustive-deps" classname="/home/clacina/projects/OurSpending/spending-ui/src/components/processed-transactions/processed-transactions.component"><failure message="Assignments to the &apos;templatesGrouped&apos; variable from inside React Hook useEffect will be lost after each render. To preserve the value over time, store it in a useRef Hook and keep the mutable value in the &apos;.current&apos; property. Otherwise, you can move this variable directly inside useEffect."><![CDATA[line 131, col 32, Warning - Assignments to the &apos;templatesGrouped&apos; variable from inside React Hook useEffect will be lost after each render. To preserve the value over time, store it in a useRef Hook and keep the mutable value in the &apos;.current&apos; property. Otherwise, you can move this variable directly inside useEffect. (react-hooks/exhaustive-deps)]]></failure></testcase>
<testcase time="0" name="org.eslint.react-hooks/exhaustive-deps" classname="/home/clacina/projects/OurSpending/spending-ui/src/components/processed-transactions/processed-transactions.component"><failure message="Assignments to the &apos;categoryGroups&apos; variable from inside React Hook useEffect will be lost after each render. To preserve the value over time, store it in a useRef Hook and keep the mutable value in the &apos;.current&apos; property. Otherwise, you can move this variable directly inside useEffect."><![CDATA[line 132, col 30, Warning - Assignments to the &apos;categoryGroups&apos; variable from inside React Hook useEffect will be lost after each render. To preserve the value over time, store it in a useRef Hook and keep the mutable value in the &apos;.current&apos; property. Otherwise, you can move this variable directly inside useEffect. (react-hooks/exhaustive-deps)]]></failure></testcase>
<testcase time="0" name="org.eslint.react-hooks/exhaustive-deps" classname="/home/clacina/projects/OurSpending/spending-ui/src/components/processed-transactions/processed-transactions.component"><failure message="React Hook useEffect has a missing dependency: &apos;updateContent&apos;. Either include it or remove the dependency array."><![CDATA[line 164, col 8, Warning - React Hook useEffect has a missing dependency: &apos;updateContent&apos;. Either include it or remove the dependency array. (react-hooks/exhaustive-deps)]]></failure></testcase>
<testcase time="0" name="org.eslint.no-unused-vars" classname="/home/clacina/projects/OurSpending/spending-ui/src/components/processed-transactions/processed-transactions.component"><failure message="&apos;bank&apos; is assigned a value but never used."><![CDATA[line 259, col 21, Warning - &apos;bank&apos; is assigned a value but never used. (no-unused-vars)]]></failure></testcase>
<testcase time="0" name="org.eslint.no-unused-vars" classname="/home/clacina/projects/OurSpending/spending-ui/src/components/processed-transactions/processed-transactions.component"><failure message="&apos;doc&apos; is assigned a value but never used."><![CDATA[line 363, col 23, Warning - &apos;doc&apos; is assigned a value but never used. (no-unused-vars)]]></failure></testcase>
<testcase time="0" name="org.eslint.react/jsx-pascal-case" classname="/home/clacina/projects/OurSpending/spending-ui/src/components/processed-transactions/processed-transactions.component"><failure message="Imported JSX component PT_TitleBlock must be in PascalCase or SCREAMING_SNAKE_CASE"><![CDATA[line 491, col 17, Warning - Imported JSX component PT_TitleBlock must be in PascalCase or SCREAMING_SNAKE_CASE (react/jsx-pascal-case)]]></failure></testcase>
</testsuite>
<testsuite package="org.eslint" time="0" tests="1" errors="0" name="/home/clacina/projects/OurSpending/spending-ui/src/components/processed-transactions/processed-transactions.component.styles.jsx">
<testcase time="0" name="/home/clacina/projects/OurSpending/spending-ui/src/components/processed-transactions/processed-transactions.component.styles.jsx" classname="/home/clacina/projects/OurSpending/spending-ui/src/components/processed-transactions/processed-transactions.component.styles" />
</testsuite>
<testsuite package="org.eslint" time="0" tests="2" errors="2" name="/home/clacina/projects/OurSpending/spending-ui/src/components/processed-transactions/template.component.jsx">
<testcase time="0" name="org.eslint.no-unused-vars" classname="/home/clacina/projects/OurSpending/spending-ui/src/components/processed-transactions/template.component"><failure message="&apos;Submenu&apos; is defined but never used."><![CDATA[line 9, col 45, Warning - &apos;Submenu&apos; is defined but never used. (no-unused-vars)]]></failure></testcase>
<testcase time="0" name="org.eslint.react-hooks/exhaustive-deps" classname="/home/clacina/projects/OurSpending/spending-ui/src/components/processed-transactions/template.component"><failure message="React Hook useEffect has missing dependencies: &apos;bank&apos;, &apos;categoryBreakdown&apos;, &apos;tagColumnFormatter&apos;, &apos;templateId&apos;, &apos;templatesMap&apos;, and &apos;transactionDataDefinitions&apos;. Either include them or remove the dependency array."><![CDATA[line 112, col 8, Warning - React Hook useEffect has missing dependencies: &apos;bank&apos;, &apos;categoryBreakdown&apos;, &apos;tagColumnFormatter&apos;, &apos;templateId&apos;, &apos;templatesMap&apos;, and &apos;transactionDataDefinitions&apos;. Either include them or remove the dependency array. (react-hooks/exhaustive-deps)]]></failure></testcase>
</testsuite>
<testsuite package="org.eslint" time="0" tests="1" errors="0" name="/home/clacina/projects/OurSpending/spending-ui/src/components/processed-transactions/transaction_detail.component.jsx">
<testcase time="0" name="/home/clacina/projects/OurSpending/spending-ui/src/components/processed-transactions/transaction_detail.component.jsx" classname="/home/clacina/projects/OurSpending/spending-ui/src/components/processed-transactions/transaction_detail.component" />
</testsuite>
<testsuite package="org.eslint" time="0" tests="1" errors="0" name="/home/clacina/projects/OurSpending/spending-ui/src/components/processed-transactions/transaction_detail.component.styles.jsx">
<testcase time="0" name="/home/clacina/projects/OurSpending/spending-ui/src/components/processed-transactions/transaction_detail.component.styles.jsx" classname="/home/clacina/projects/OurSpending/spending-ui/src/components/processed-transactions/transaction_detail.component.styles" />
</testsuite>
<testsuite package="org.eslint" time="0" tests="1" errors="0" name="/home/clacina/projects/OurSpending/spending-ui/src/components/reports/report.utils.jsx">
<testcase time="0" name="/home/clacina/projects/OurSpending/spending-ui/src/components/reports/report.utils.jsx" classname="/home/clacina/projects/OurSpending/spending-ui/src/components/reports/report.utils" />
</testsuite>
<testsuite package="org.eslint" time="0" tests="4" errors="4" name="/home/clacina/projects/OurSpending/spending-ui/src/components/reports/reports.component.jsx">
<testcase time="0" name="org.eslint.no-unused-vars" classname="/home/clacina/projects/OurSpending/spending-ui/src/components/reports/reports.component"><failure message="&apos;endianness&apos; is defined but never used."><![CDATA[line 30, col 9, Warning - &apos;endianness&apos; is defined but never used. (no-unused-vars)]]></failure></testcase>
<testcase time="0" name="org.eslint.no-unused-vars" classname="/home/clacina/projects/OurSpending/spending-ui/src/components/reports/reports.component"><failure message="&apos;setMatchAllTags&apos; is assigned a value but never used."><![CDATA[line 43, col 26, Warning - &apos;setMatchAllTags&apos; is assigned a value but never used. (no-unused-vars)]]></failure></testcase>
<testcase time="0" name="org.eslint.no-unused-vars" classname="/home/clacina/projects/OurSpending/spending-ui/src/components/reports/reports.component"><failure message="&apos;year&apos; is assigned a value but never used."><![CDATA[line 244, col 21, Warning - &apos;year&apos; is assigned a value but never used. (no-unused-vars)]]></failure></testcase>
<testcase time="0" name="org.eslint.react-hooks/exhaustive-deps" classname="/home/clacina/projects/OurSpending/spending-ui/src/components/reports/reports.component"><failure message="React Hook useEffect has missing dependencies: &apos;buildGraphLines&apos; and &apos;transactionsMap&apos;. Either include them or remove the dependency array."><![CDATA[line 308, col 8, Warning - React Hook useEffect has missing dependencies: &apos;buildGraphLines&apos; and &apos;transactionsMap&apos;. Either include them or remove the dependency array. (react-hooks/exhaustive-deps)]]></failure></testcase>
</testsuite>
<testsuite package="org.eslint" time="0" tests="1" errors="0" name="/home/clacina/projects/OurSpending/spending-ui/src/components/reports/reports.component.styles.jsx">
<testcase time="0" name="/home/clacina/projects/OurSpending/spending-ui/src/components/reports/reports.component.styles.jsx" classname="/home/clacina/projects/OurSpending/spending-ui/src/components/reports/reports.component.styles" />
</testsuite>
<testsuite package="org.eslint" time="0" tests="1" errors="0" name="/home/clacina/projects/OurSpending/spending-ui/src/components/tags/tag-form.component.jsx">
<testcase time="0" name="/home/clacina/projects/OurSpending/spending-ui/src/components/tags/tag-form.component.jsx" classname="/home/clacina/projects/OurSpending/spending-ui/src/components/tags/tag-form.component" />
</testsuite>
<testsuite package="org.eslint" time="0" tests="1" errors="0" name="/home/clacina/projects/OurSpending/spending-ui/src/components/tags/tags-table.component.jsx">
<testcase time="0" name="/home/clacina/projects/OurSpending/spending-ui/src/components/tags/tags-table.component.jsx" classname="/home/clacina/projects/OurSpending/spending-ui/src/components/tags/tags-table.component" />
</testsuite>
<testsuite package="org.eslint" time="0" tests="1" errors="1" name="/home/clacina/projects/OurSpending/spending-ui/src/components/tags/tags.component.jsx">
<testcase time="0" name="org.eslint.no-unused-vars" classname="/home/clacina/projects/OurSpending/spending-ui/src/components/tags/tags.component"><failure message="&apos;useEffect&apos; is defined but never used."><![CDATA[line 1, col 28, Warning - &apos;useEffect&apos; is defined but never used. (no-unused-vars)]]></failure></testcase>
</testsuite>
<testsuite package="org.eslint" time="0" tests="1" errors="1" name="/home/clacina/projects/OurSpending/spending-ui/src/components/templates/template-list.component.jsx">
<testcase time="0" name="org.eslint.react-hooks/exhaustive-deps" classname="/home/clacina/projects/OurSpending/spending-ui/src/components/templates/template-list.component"><failure message="React Hook useEffect has missing dependencies: &apos;setSectionTitle&apos; and &apos;tagsMap.length&apos;. Either include them or remove the dependency array."><![CDATA[line 43, col 8, Warning - React Hook useEffect has missing dependencies: &apos;setSectionTitle&apos; and &apos;tagsMap.length&apos;. Either include them or remove the dependency array. (react-hooks/exhaustive-deps)]]></failure></testcase>
</testsuite>
<testsuite package="org.eslint" time="0" tests="1" errors="1" name="/home/clacina/projects/OurSpending/spending-ui/src/components/templates/template.component.jsx">
<testcase time="0" name="org.eslint.react-hooks/exhaustive-deps" classname="/home/clacina/projects/OurSpending/spending-ui/src/components/templates/template.component"><failure message="React Hook useEffect has a missing dependency: &apos;isLoaded&apos;. Either include it or remove the dependency array."><![CDATA[line 79, col 8, Warning - React Hook useEffect has a missing dependency: &apos;isLoaded&apos;. Either include it or remove the dependency array. (react-hooks/exhaustive-deps)]]></failure></testcase>
</testsuite>
<testsuite package="org.eslint" time="0" tests="1" errors="0" name="/home/clacina/projects/OurSpending/spending-ui/src/components/templates/template.component.styles.jsx">
<testcase time="0" name="/home/clacina/projects/OurSpending/spending-ui/src/components/templates/template.component.styles.jsx" classname="/home/clacina/projects/OurSpending/spending-ui/src/components/templates/template.component.styles" />
</testsuite>
<testsuite package="org.eslint" time="0" tests="1" errors="0" name="/home/clacina/projects/OurSpending/spending-ui/src/components/transaction/transaction-entry.component.jsx">
<testcase time="0" name="/home/clacina/projects/OurSpending/spending-ui/src/components/transaction/transaction-entry.component.jsx" classname="/home/clacina/projects/OurSpending/spending-ui/src/components/transaction/transaction-entry.component" />
</testsuite>
<testsuite package="org.eslint" time="0" tests="8" errors="8" name="/home/clacina/projects/OurSpending/spending-ui/src/components/transaction/transaction-list.component.jsx">
<testcase time="0" name="org.eslint.no-unused-vars" classname="/home/clacina/projects/OurSpending/spending-ui/src/components/transaction/transaction-list.component"><failure message="&apos;PaginationProvider&apos; is defined but never used."><![CDATA[line 7, col 5, Warning - &apos;PaginationProvider&apos; is defined but never used. (no-unused-vars)]]></failure></testcase>
<testcase time="0" name="org.eslint.no-unused-vars" classname="/home/clacina/projects/OurSpending/spending-ui/src/components/transaction/transaction-list.component"><failure message="&apos;PaginationListStandalone&apos; is defined but never used."><![CDATA[line 8, col 5, Warning - &apos;PaginationListStandalone&apos; is defined but never used. (no-unused-vars)]]></failure></testcase>
<testcase time="0" name="org.eslint.no-unused-vars" classname="/home/clacina/projects/OurSpending/spending-ui/src/components/transaction/transaction-list.component"><failure message="&apos;PaginationTotalStandalone&apos; is defined but never used."><![CDATA[line 9, col 5, Warning - &apos;PaginationTotalStandalone&apos; is defined but never used. (no-unused-vars)]]></failure></testcase>
<testcase time="0" name="org.eslint.no-unused-vars" classname="/home/clacina/projects/OurSpending/spending-ui/src/components/transaction/transaction-list.component"><failure message="&apos;SizePerPageDropdownStandalone&apos; is defined but never used."><![CDATA[line 10, col 5, Warning - &apos;SizePerPageDropdownStandalone&apos; is defined but never used. (no-unused-vars)]]></failure></testcase>
<testcase time="0" name="org.eslint.no-unused-vars" classname="/home/clacina/projects/OurSpending/spending-ui/src/components/transaction/transaction-list.component"><failure message="&apos;institutions&apos; is assigned a value but never used."><![CDATA[line 24, col 40, Warning - &apos;institutions&apos; is assigned a value but never used. (no-unused-vars)]]></failure></testcase>
<testcase time="0" name="org.eslint.no-unused-vars" classname="/home/clacina/projects/OurSpending/spending-ui/src/components/transaction/transaction-list.component"><failure message="&apos;contentUpdated&apos; is assigned a value but never used."><![CDATA[line 35, col 12, Warning - &apos;contentUpdated&apos; is assigned a value but never used. (no-unused-vars)]]></failure></testcase>
<testcase time="0" name="org.eslint.no-unused-vars" classname="/home/clacina/projects/OurSpending/spending-ui/src/components/transaction/transaction-list.component"><failure message="&apos;transactionContentUpdated&apos; is assigned a value but never used."><![CDATA[line 36, col 12, Warning - &apos;transactionContentUpdated&apos; is assigned a value but never used. (no-unused-vars)]]></failure></testcase>
<testcase time="0" name="org.eslint.react-hooks/exhaustive-deps" classname="/home/clacina/projects/OurSpending/spending-ui/src/components/transaction/transaction-list.component"><failure message="React Hook useEffect has missing dependencies: &apos;generateColumns&apos; and &apos;institution_id&apos;. Either include them or remove the dependency array."><![CDATA[line 52, col 8, Warning - React Hook useEffect has missing dependencies: &apos;generateColumns&apos; and &apos;institution_id&apos;. Either include them or remove the dependency array. (react-hooks/exhaustive-deps)]]></failure></testcase>
</testsuite>
<testsuite package="org.eslint" time="0" tests="1" errors="1" name="/home/clacina/projects/OurSpending/spending-ui/src/components/transaction/transactions-list.component.jsx">
<testcase time="0" name="org.eslint.react-hooks/exhaustive-deps" classname="/home/clacina/projects/OurSpending/spending-ui/src/components/transaction/transactions-list.component"><failure message="React Hook useEffect has missing dependencies: &apos;getTransactions&apos;, &apos;routeParams.batch_id&apos;, &apos;setSectionTitle&apos;, and &apos;transactionsMap&apos;. Either include them or remove the dependency array."><![CDATA[line 47, col 8, Warning - React Hook useEffect has missing dependencies: &apos;getTransactions&apos;, &apos;routeParams.batch_id&apos;, &apos;setSectionTitle&apos;, and &apos;transactionsMap&apos;. Either include them or remove the dependency array. (react-hooks/exhaustive-deps)]]></failure></testcase>
</testsuite>
<testsuite package="org.eslint" time="0" tests="1" errors="0" name="/home/clacina/projects/OurSpending/spending-ui/src/components/widgets/button/button-component.jsx">
<testcase time="0" name="/home/clacina/projects/OurSpending/spending-ui/src/components/widgets/button/button-component.jsx" classname="/home/clacina/projects/OurSpending/spending-ui/src/components/widgets/button/button-component" />
</testsuite>
<testsuite package="org.eslint" time="0" tests="1" errors="0" name="/home/clacina/projects/OurSpending/spending-ui/src/components/widgets/button/button.styles.jsx">
<testcase time="0" name="/home/clacina/projects/OurSpending/spending-ui/src/components/widgets/button/button.styles.jsx" classname="/home/clacina/projects/OurSpending/spending-ui/src/components/widgets/button/button.styles" />
</testsuite>
<testsuite package="org.eslint" time="0" tests="1" errors="1" name="/home/clacina/projects/OurSpending/spending-ui/src/components/widgets/colorized-multi-select/colorized-multi-select.component.jsx">
<testcase time="0" name="org.eslint.no-unused-vars" classname="/home/clacina/projects/OurSpending/spending-ui/src/components/widgets/colorized-multi-select/colorized-multi-select.component"><failure message="&apos;colourOptions&apos; is defined but never used."><![CDATA[line 4, col 24, Warning - &apos;colourOptions&apos; is defined but never used. (no-unused-vars)]]></failure></testcase>
</testsuite>
<testsuite package="org.eslint" time="0" tests="9" errors="9" name="/home/clacina/projects/OurSpending/spending-ui/src/components/widgets/create-template-dialog/create.template.component.jsx">
<testcase time="0" name="org.eslint.no-unused-vars" classname="/home/clacina/projects/OurSpending/spending-ui/src/components/widgets/create-template-dialog/create.template.component"><failure message="&apos;FaIcons&apos; is defined but never used."><![CDATA[line 4, col 13, Warning - &apos;FaIcons&apos; is defined but never used. (no-unused-vars)]]></failure></testcase>
<testcase time="0" name="org.eslint.no-unused-vars" classname="/home/clacina/projects/OurSpending/spending-ui/src/components/widgets/create-template-dialog/create.template.component"><failure message="&apos;AiIcons&apos; is defined but never used."><![CDATA[line 5, col 13, Warning - &apos;AiIcons&apos; is defined but never used. (no-unused-vars)]]></failure></testcase>
<testcase time="0" name="org.eslint.no-unused-vars" classname="/home/clacina/projects/OurSpending/spending-ui/src/components/widgets/create-template-dialog/create.template.component"><failure message="&apos;ExistingQualifierList&apos; is defined but never used."><![CDATA[line 17, col 9, Warning - &apos;ExistingQualifierList&apos; is defined but never used. (no-unused-vars)]]></failure></testcase>
<testcase time="0" name="org.eslint.no-unused-vars" classname="/home/clacina/projects/OurSpending/spending-ui/src/components/widgets/create-template-dialog/create.template.component"><failure message="&apos;match&apos; is defined but never used."><![CDATA[line 22, col 9, Warning - &apos;match&apos; is defined but never used. (no-unused-vars)]]></failure></testcase>
<testcase time="0" name="org.eslint.no-unused-vars" classname="/home/clacina/projects/OurSpending/spending-ui/src/components/widgets/create-template-dialog/create.template.component"><failure message="&apos;createQualifier&apos; is assigned a value but never used."><![CDATA[line 50, col 12, Warning - &apos;createQualifier&apos; is assigned a value but never used. (no-unused-vars)]]></failure></testcase>
<testcase time="0" name="org.eslint.no-unused-vars" classname="/home/clacina/projects/OurSpending/spending-ui/src/components/widgets/create-template-dialog/create.template.component"><failure message="&apos;qualifierField&apos; is assigned a value but never used."><![CDATA[line 68, col 12, Warning - &apos;qualifierField&apos; is assigned a value but never used. (no-unused-vars)]]></failure></testcase>
<testcase time="0" name="org.eslint.array-callback-return" classname="/home/clacina/projects/OurSpending/spending-ui/src/components/widgets/create-template-dialog/create.template.component"><failure message="Array.prototype.find() expects a value to be returned at the end of arrow function."><![CDATA[line 80, col 54, Warning - Array.prototype.find() expects a value to be returned at the end of arrow function. (array-callback-return)]]></failure></testcase>
<testcase time="0" name="org.eslint.react-hooks/exhaustive-deps" classname="/home/clacina/projects/OurSpending/spending-ui/src/components/widgets/create-template-dialog/create.template.component"><failure message="React Hook useEffect has missing dependencies: &apos;categoriesMap&apos;, &apos;institutionsMap&apos;, &apos;transaction&apos;, and &apos;transactionDataDefinitions&apos;. Either include them or remove the dependency array."><![CDATA[line 125, col 8, Warning - React Hook useEffect has missing dependencies: &apos;categoriesMap&apos;, &apos;institutionsMap&apos;, &apos;transaction&apos;, and &apos;transactionDataDefinitions&apos;. Either include them or remove the dependency array. (react-hooks/exhaustive-deps)]]></failure></testcase>
<testcase time="0" name="org.eslint.no-unused-vars" classname="/home/clacina/projects/OurSpending/spending-ui/src/components/widgets/create-template-dialog/create.template.component"><failure message="&apos;changeIsTaxDeductible&apos; is assigned a value but never used."><![CDATA[line 148, col 11, Warning - &apos;changeIsTaxDeductible&apos; is assigned a value but never used. (no-unused-vars)]]></failure></testcase>
</testsuite>
<testsuite package="org.eslint" time="0" tests="1" errors="0" name="/home/clacina/projects/OurSpending/spending-ui/src/components/widgets/create-template-dialog/create.template.dialog.styles.jsx">
<testcase time="0" name="/home/clacina/projects/OurSpending/spending-ui/src/components/widgets/create-template-dialog/create.template.dialog.styles.jsx" classname="/home/clacina/projects/OurSpending/spending-ui/src/components/widgets/create-template-dialog/create.template.dialog.styles" />
</testsuite>
<testsuite package="org.eslint" time="0" tests="1" errors="1" name="/home/clacina/projects/OurSpending/spending-ui/src/components/widgets/editable-list/editable-list.component.jsx">
<testcase time="0" name="org.eslint.no-unused-vars" classname="/home/clacina/projects/OurSpending/spending-ui/src/components/widgets/editable-list/editable-list.component"><failure message="&apos;currentEdit&apos; is assigned a value but never used."><![CDATA[line 47, col 12, Warning - &apos;currentEdit&apos; is assigned a value but never used. (no-unused-vars)]]></failure></testcase>
</testsuite>
<testsuite package="org.eslint" time="0" tests="1" errors="0" name="/home/clacina/projects/OurSpending/spending-ui/src/components/widgets/entity-list/entity-list.component.jsx">
<testcase time="0" name="/home/clacina/projects/OurSpending/spending-ui/src/components/widgets/entity-list/entity-list.component.jsx" classname="/home/clacina/projects/OurSpending/spending-ui/src/components/widgets/entity-list/entity-list.component" />
</testsuite>
<testsuite package="org.eslint" time="0" tests="1" errors="0" name="/home/clacina/projects/OurSpending/spending-ui/src/components/widgets/form-input/form-input.component.jsx">
<testcase time="0" name="/home/clacina/projects/OurSpending/spending-ui/src/components/widgets/form-input/form-input.component.jsx" classname="/home/clacina/projects/OurSpending/spending-ui/src/components/widgets/form-input/form-input.component" />
</testsuite>
<testsuite package="org.eslint" time="0" tests="1" errors="0" name="/home/clacina/projects/OurSpending/spending-ui/src/components/widgets/form-input/form-input.styles.jsx">
<testcase time="0" name="/home/clacina/projects/OurSpending/spending-ui/src/components/widgets/form-input/form-input.styles.jsx" classname="/home/clacina/projects/OurSpending/spending-ui/src/components/widgets/form-input/form-input.styles" />
</testsuite>
<testsuite package="org.eslint" time="0" tests="17" errors="17" name="/home/clacina/projects/OurSpending/spending-ui/src/components/widgets/horizontal-navbar/horizontal-navbar.component.jsx">
<testcase time="0" name="org.eslint.no-unused-vars" classname="/home/clacina/projects/OurSpending/spending-ui/src/components/widgets/horizontal-navbar/horizontal-navbar.component"><failure message="&apos;Container&apos; is defined but never used."><![CDATA[line 3, col 8, Warning - &apos;Container&apos; is defined but never used. (no-unused-vars)]]></failure></testcase>
<testcase time="0" name="org.eslint.no-unused-vars" classname="/home/clacina/projects/OurSpending/spending-ui/src/components/widgets/horizontal-navbar/horizontal-navbar.component"><failure message="&apos;Nav&apos; is defined but never used."><![CDATA[line 4, col 8, Warning - &apos;Nav&apos; is defined but never used. (no-unused-vars)]]></failure></testcase>
<testcase time="0" name="org.eslint.no-unused-vars" classname="/home/clacina/projects/OurSpending/spending-ui/src/components/widgets/horizontal-navbar/horizontal-navbar.component"><failure message="&apos;Navbar&apos; is defined but never used."><![CDATA[line 5, col 8, Warning - &apos;Navbar&apos; is defined but never used. (no-unused-vars)]]></failure></testcase>
<testcase time="0" name="org.eslint.no-unused-vars" classname="/home/clacina/projects/OurSpending/spending-ui/src/components/widgets/horizontal-navbar/horizontal-navbar.component"><failure message="&apos;tagsMap&apos; is assigned a value but never used."><![CDATA[line 11, col 12, Warning - &apos;tagsMap&apos; is assigned a value but never used. (no-unused-vars)]]></failure></testcase>
<testcase time="0" name="org.eslint.no-unused-vars" classname="/home/clacina/projects/OurSpending/spending-ui/src/components/widgets/horizontal-navbar/horizontal-navbar.component"><failure message="&apos;handleSelect&apos; is assigned a value but never used."><![CDATA[line 14, col 11, Warning - &apos;handleSelect&apos; is assigned a value but never used. (no-unused-vars)]]></failure></testcase>
<testcase time="0" name="org.eslint.no-unused-vars" classname="/home/clacina/projects/OurSpending/spending-ui/src/components/widgets/horizontal-navbar/horizontal-navbar.component"><failure message="&apos;transaction&apos; is assigned a value but never used."><![CDATA[line 33, col 11, Warning - &apos;transaction&apos; is assigned a value but never used. (no-unused-vars)]]></failure></testcase>
<testcase time="0" name="org.eslint.no-unused-vars" classname="/home/clacina/projects/OurSpending/spending-ui/src/components/widgets/horizontal-navbar/horizontal-navbar.component"><failure message="&apos;changeTag&apos; is assigned a value but never used."><![CDATA[line 37, col 11, Warning - &apos;changeTag&apos; is assigned a value but never used. (no-unused-vars)]]></failure></testcase>
<testcase time="0" name="org.eslint.no-unused-vars" classname="/home/clacina/projects/OurSpending/spending-ui/src/components/widgets/horizontal-navbar/horizontal-navbar.component"><failure message="&apos;updateCategory&apos; is assigned a value but never used."><![CDATA[line 49, col 11, Warning - &apos;updateCategory&apos; is assigned a value but never used. (no-unused-vars)]]></failure></testcase>
<testcase time="0" name="org.eslint.no-unused-vars" classname="/home/clacina/projects/OurSpending/spending-ui/src/components/widgets/horizontal-navbar/horizontal-navbar.component"><failure message="&apos;compareCategories&apos; is defined but never used."><![CDATA[line 55, col 14, Warning - &apos;compareCategories&apos; is defined but never used. (no-unused-vars)]]></failure></testcase>
<testcase time="0" name="org.eslint.jsx-a11y/anchor-is-valid" classname="/home/clacina/projects/OurSpending/spending-ui/src/components/widgets/horizontal-navbar/horizontal-navbar.component"><failure message="The href attribute requires a valid value to be accessible. Provide a valid, navigable address as the href value. If you cannot provide a valid href, but still need the element to resemble a link, use a button and change it with appropriate styles. Learn more: https://github.com/jsx-eslint/eslint-plugin-jsx-a11y/blob/HEAD/docs/rules/anchor-is-valid.md"><![CDATA[line 61, col 13, Warning - The href attribute requires a valid value to be accessible. Provide a valid, navigable address as the href value. If you cannot provide a valid href, but still need the element to resemble a link, use a button and change it with appropriate styles. Learn more: https://github.com/jsx-eslint/eslint-plugin-jsx-a11y/blob/HEAD/docs/rules/anchor-is-valid.md (jsx-a11y/anchor-is-valid)]]></failure></testcase>
<testcase time="0" name="org.eslint.jsx-a11y/anchor-is-valid" classname="/home/clacina/projects/OurSpending/spending-ui/src/components/widgets/horizontal-navbar/horizontal-navbar.component"><failure message="The href attribute requires a valid value to be accessible. Provide a valid, navigable address as the href value. If you cannot provide a valid href, but still need the element to resemble a link, use a button and change it with appropriate styles. Learn more: https://github.com/jsx-eslint/eslint-plugin-jsx-a11y/blob/HEAD/docs/rules/anchor-is-valid.md"><![CDATA[line 73, col 25, Warning - The href attribute requires a valid value to be accessible. Provide a valid, navigable address as the href value. If you cannot provide a valid href, but still need the element to resemble a link, use a button and change it with appropriate styles. Learn more: https://github.com/jsx-eslint/eslint-plugin-jsx-a11y/blob/HEAD/docs/rules/anchor-is-valid.md (jsx-a11y/anchor-is-valid)]]></failure></testcase>
<testcase time="0" name="org.eslint.jsx-a11y/anchor-is-valid" classname="/home/clacina/projects/OurSpending/spending-ui/src/components/widgets/horizontal-navbar/horizontal-navbar.component"><failure message="The href attribute requires a valid value to be accessible. Provide a valid, navigable address as the href value. If you cannot provide a valid href, but still need the element to resemble a link, use a button and change it with appropriate styles. Learn more: https://github.com/jsx-eslint/eslint-plugin-jsx-a11y/blob/HEAD/docs/rules/anchor-is-valid.md"><![CDATA[line 76, col 25, Warning - The href attribute requires a valid value to be accessible. Provide a valid, navigable address as the href value. If you cannot provide a valid href, but still need the element to resemble a link, use a button and change it with appropriate styles. Learn more: https://github.com/jsx-eslint/eslint-plugin-jsx-a11y/blob/HEAD/docs/rules/anchor-is-valid.md (jsx-a11y/anchor-is-valid)]]></failure></testcase>
<testcase time="0" name="org.eslint.jsx-a11y/anchor-is-valid" classname="/home/clacina/projects/OurSpending/spending-ui/src/components/widgets/horizontal-navbar/horizontal-navbar.component"><failure message="The href attribute requires a valid value to be accessible. Provide a valid, navigable address as the href value. If you cannot provide a valid href, but still need the element to resemble a link, use a button and change it with appropriate styles. Learn more: https://github.com/jsx-eslint/eslint-plugin-jsx-a11y/blob/HEAD/docs/rules/anchor-is-valid.md"><![CDATA[line 79, col 25, Warning - The href attribute requires a valid value to be accessible. Provide a valid, navigable address as the href value. If you cannot provide a valid href, but still need the element to resemble a link, use a button and change it with appropriate styles. Learn more: https://github.com/jsx-eslint/eslint-plugin-jsx-a11y/blob/HEAD/docs/rules/anchor-is-valid.md (jsx-a11y/anchor-is-valid)]]></failure></testcase>
<testcase time="0" name="org.eslint.jsx-a11y/anchor-is-valid" classname="/home/clacina/projects/OurSpending/spending-ui/src/components/widgets/horizontal-navbar/horizontal-navbar.component"><failure message="The href attribute requires a valid value to be accessible. Provide a valid, navigable address as the href value. If you cannot provide a valid href, but still need the element to resemble a link, use a button and change it with appropriate styles. Learn more: https://github.com/jsx-eslint/eslint-plugin-jsx-a11y/blob/HEAD/docs/rules/anchor-is-valid.md"><![CDATA[line 83, col 29, Warning - The href attribute requires a valid value to be accessible. Provide a valid, navigable address as the href value. If you cannot provide a valid href, but still need the element to resemble a link, use a button and change it with appropriate styles. Learn more: https://github.com/jsx-eslint/eslint-plugin-jsx-a11y/blob/HEAD/docs/rules/anchor-is-valid.md (jsx-a11y/anchor-is-valid)]]></failure></testcase>
<testcase time="0" name="org.eslint.jsx-a11y/anchor-is-valid" classname="/home/clacina/projects/OurSpending/spending-ui/src/components/widgets/horizontal-navbar/horizontal-navbar.component"><failure message="The href attribute requires a valid value to be accessible. Provide a valid, navigable address as the href value. If you cannot provide a valid href, but still need the element to resemble a link, use a button and change it with appropriate styles. Learn more: https://github.com/jsx-eslint/eslint-plugin-jsx-a11y/blob/HEAD/docs/rules/anchor-is-valid.md"><![CDATA[line 84, col 29, Warning - The href attribute requires a valid value to be accessible. Provide a valid, navigable address as the href value. If you cannot provide a valid href, but still need the element to resemble a link, use a button and change it with appropriate styles. Learn more: https://github.com/jsx-eslint/eslint-plugin-jsx-a11y/blob/HEAD/docs/rules/anchor-is-valid.md (jsx-a11y/anchor-is-valid)]]></failure></testcase>
<testcase time="0" name="org.eslint.jsx-a11y/anchor-is-valid" classname="/home/clacina/projects/OurSpending/spending-ui/src/components/widgets/horizontal-navbar/horizontal-navbar.component"><failure message="The href attribute requires a valid value to be accessible. Provide a valid, navigable address as the href value. If you cannot provide a valid href, but still need the element to resemble a link, use a button and change it with appropriate styles. Learn more: https://github.com/jsx-eslint/eslint-plugin-jsx-a11y/blob/HEAD/docs/rules/anchor-is-valid.md"><![CDATA[line 86, col 29, Warning - The href attribute requires a valid value to be accessible. Provide a valid, navigable address as the href value. If you cannot provide a valid href, but still need the element to resemble a link, use a button and change it with appropriate styles. Learn more: https://github.com/jsx-eslint/eslint-plugin-jsx-a11y/blob/HEAD/docs/rules/anchor-is-valid.md (jsx-a11y/anchor-is-valid)]]></failure></testcase>
<testcase time="0" name="org.eslint.jsx-a11y/anchor-is-valid" classname="/home/clacina/projects/OurSpending/spending-ui/src/components/widgets/horizontal-navbar/horizontal-navbar.component"><failure message="The href attribute requires a valid value to be accessible. Provide a valid, navigable address as the href value. If you cannot provide a valid href, but still need the element to resemble a link, use a button and change it with appropriate styles. Learn more: https://github.com/jsx-eslint/eslint-plugin-jsx-a11y/blob/HEAD/docs/rules/anchor-is-valid.md"><![CDATA[line 90, col 25, Warning - The href attribute requires a valid value to be accessible. Provide a valid, navigable address as the href value. If you cannot provide a valid href, but still need the element to resemble a link, use a button and change it with appropriate styles. Learn more: https://github.com/jsx-eslint/eslint-plugin-jsx-a11y/blob/HEAD/docs/rules/anchor-is-valid.md (jsx-a11y/anchor-is-valid)]]></failure></testcase>
</testsuite>
<testsuite package="org.eslint" time="0" tests="1" errors="0" name="/home/clacina/projects/OurSpending/spending-ui/src/components/widgets/modal-prompt/modal-prompt.component.jsx">
<testcase time="0" name="/home/clacina/projects/OurSpending/spending-ui/src/components/widgets/modal-prompt/modal-prompt.component.jsx" classname="/home/clacina/projects/OurSpending/spending-ui/src/components/widgets/modal-prompt/modal-prompt.component" />
</testsuite>
<testsuite package="org.eslint" time="0" tests="1" errors="1" name="/home/clacina/projects/OurSpending/spending-ui/src/components/widgets/table-base/table-base.component.jsx">
<testcase time="0" name="org.eslint.no-unused-vars" classname="/home/clacina/projects/OurSpending/spending-ui/src/components/widgets/table-base/table-base.component"><failure message="&apos;showContext&apos; is assigned a value but never used."><![CDATA[line 10, col 11, Warning - &apos;showContext&apos; is assigned a value but never used. (no-unused-vars)]]></failure></testcase>
</testsuite>
<testsuite package="org.eslint" time="0" tests="1" errors="0" name="/home/clacina/projects/OurSpending/spending-ui/src/components/widgets/tag-selector/tag-selector-base.component.jsx">
<testcase time="0" name="/home/clacina/projects/OurSpending/spending-ui/src/components/widgets/tag-selector/tag-selector-base.component.jsx" classname="/home/clacina/projects/OurSpending/spending-ui/src/components/widgets/tag-selector/tag-selector-base.component" />
</testsuite>
<testsuite package="org.eslint" time="0" tests="1" errors="0" name="/home/clacina/projects/OurSpending/spending-ui/src/components/widgets/tag-selector/tag-selector-category.component.jsx">
<testcase time="0" name="/home/clacina/projects/OurSpending/spending-ui/src/components/widgets/tag-selector/tag-selector-category.component.jsx" classname="/home/clacina/projects/OurSpending/spending-ui/src/components/widgets/tag-selector/tag-selector-category.component" />
</testsuite>
<testsuite package="org.eslint" time="0" tests="1" errors="0" name="/home/clacina/projects/OurSpending/spending-ui/src/components/widgets/tag-selector/tag-selector.component.jsx">
<testcase time="0" name="/home/clacina/projects/OurSpending/spending-ui/src/components/widgets/tag-selector/tag-selector.component.jsx" classname="/home/clacina/projects/OurSpending/spending-ui/src/components/widgets/tag-selector/tag-selector.component" />
</testsuite>
<testsuite package="org.eslint" time="0" tests="9" errors="9" name="/home/clacina/projects/OurSpending/spending-ui/src/components/widgets/transaction-list/transaction-list.component.jsx">
<testcase time="0" name="org.eslint.no-unused-vars" classname="/home/clacina/projects/OurSpending/spending-ui/src/components/widgets/transaction-list/transaction-list.component"><failure message="&apos;ourInstitution&apos; is assigned a value but never used."><![CDATA[line 22, col 12, Warning - &apos;ourInstitution&apos; is assigned a value but never used. (no-unused-vars)]]></failure></testcase>
<testcase time="0" name="org.eslint.no-unused-vars" classname="/home/clacina/projects/OurSpending/spending-ui/src/components/widgets/transaction-list/transaction-list.component"><failure message="&apos;formattedTransactions&apos; is assigned a value but never used."><![CDATA[line 25, col 12, Warning - &apos;formattedTransactions&apos; is assigned a value but never used. (no-unused-vars)]]></failure></testcase>
<testcase time="0" name="org.eslint.react-hooks/exhaustive-deps" classname="/home/clacina/projects/OurSpending/spending-ui/src/components/widgets/transaction-list/transaction-list.component"><failure message="React Hook useEffect has missing dependencies: &apos;generateColumns&apos;, &apos;institution_id&apos;, &apos;isLoaded&apos;, and &apos;transactions&apos;. Either include them or remove the dependency array."><![CDATA[line 74, col 8, Warning - React Hook useEffect has missing dependencies: &apos;generateColumns&apos;, &apos;institution_id&apos;, &apos;isLoaded&apos;, and &apos;transactions&apos;. Either include them or remove the dependency array. (react-hooks/exhaustive-deps)]]></failure></testcase>
<testcase time="0" name="org.eslint.no-unused-vars" classname="/home/clacina/projects/OurSpending/spending-ui/src/components/widgets/transaction-list/transaction-list.component"><failure message="&apos;amountColumn&apos; is assigned a value but never used."><![CDATA[line 81, col 15, Warning - &apos;amountColumn&apos; is assigned a value but never used. (no-unused-vars)]]></failure></testcase>
<testcase time="0" name="org.eslint.no-unused-vars" classname="/home/clacina/projects/OurSpending/spending-ui/src/components/widgets/transaction-list/transaction-list.component"><failure message="&apos;descriptionColumn&apos; is assigned a value but never used."><![CDATA[line 82, col 15, Warning - &apos;descriptionColumn&apos; is assigned a value but never used. (no-unused-vars)]]></failure></testcase>
<testcase time="0" name="org.eslint.no-unused-vars" classname="/home/clacina/projects/OurSpending/spending-ui/src/components/widgets/transaction-list/transaction-list.component"><failure message="&apos;text_align&apos; is assigned a value but never used."><![CDATA[line 90, col 13, Warning - &apos;text_align&apos; is assigned a value but never used. (no-unused-vars)]]></failure></testcase>
<testcase time="0" name="org.eslint.no-unused-vars" classname="/home/clacina/projects/OurSpending/spending-ui/src/components/widgets/transaction-list/transaction-list.component"><failure message="&apos;noteColumnFormatter&apos; is assigned a value but never used."><![CDATA[line 187, col 11, Warning - &apos;noteColumnFormatter&apos; is assigned a value but never used. (no-unused-vars)]]></failure></testcase>
<testcase time="0" name="org.eslint.no-unused-vars" classname="/home/clacina/projects/OurSpending/spending-ui/src/components/widgets/transaction-list/transaction-list.component"><failure message="&apos;tagColumnFormatter&apos; is assigned a value but never used."><![CDATA[line 202, col 11, Warning - &apos;tagColumnFormatter&apos; is assigned a value but never used. (no-unused-vars)]]></failure></testcase>
<testcase time="0" name="org.eslint.no-unused-vars" classname="/home/clacina/projects/OurSpending/spending-ui/src/components/widgets/transaction-list/transaction-list.component"><failure message="&apos;amountColumnFormatter&apos; is assigned a value but never used."><![CDATA[line 213, col 11, Warning - &apos;amountColumnFormatter&apos; is assigned a value but never used. (no-unused-vars)]]></failure></testcase>
</testsuite>
<testsuite package="org.eslint" time="0" tests="3" errors="3" name="/home/clacina/projects/OurSpending/spending-ui/src/contexts/actions.context.jsx">
<testcase time="0" name="org.eslint.no-unused-vars" classname="/home/clacina/projects/OurSpending/spending-ui/src/contexts/actions.context"><failure message="&apos;useEffect&apos; is defined but never used."><![CDATA[line 1, col 24, Warning - &apos;useEffect&apos; is defined but never used. (no-unused-vars)]]></failure></testcase>
<testcase time="0" name="org.eslint.no-unused-vars" classname="/home/clacina/projects/OurSpending/spending-ui/src/contexts/actions.context"><failure message="&apos;useState&apos; is defined but never used."><![CDATA[line 1, col 35, Warning - &apos;useState&apos; is defined but never used. (no-unused-vars)]]></failure></testcase>
<testcase time="0" name="org.eslint.no-useless-concat" classname="/home/clacina/projects/OurSpending/spending-ui/src/contexts/actions.context"><failure message="Unexpected string concatenation of literals."><![CDATA[line 13, col 58, Warning - Unexpected string concatenation of literals. (no-useless-concat)]]></failure></testcase>
</testsuite>
<testsuite package="org.eslint" time="0" tests="2" errors="2" name="/home/clacina/projects/OurSpending/spending-ui/src/contexts/banks.context.jsx">
<testcase time="0" name="org.eslint.no-useless-concat" classname="/home/clacina/projects/OurSpending/spending-ui/src/contexts/banks.context"><failure message="Unexpected string concatenation of literals."><![CDATA[line 23, col 58, Warning - Unexpected string concatenation of literals. (no-useless-concat)]]></failure></testcase>
<testcase time="0" name="org.eslint.react-hooks/exhaustive-deps" classname="/home/clacina/projects/OurSpending/spending-ui/src/contexts/banks.context"><failure message="React Hook useEffect has a complex expression in the dependency array. Extract it to a separate variable so it can be statically checked."><![CDATA[line 34, col 9, Warning - React Hook useEffect has a complex expression in the dependency array. Extract it to a separate variable so it can be statically checked. (react-hooks/exhaustive-deps)]]></failure></testcase>
</testsuite>
<testsuite package="org.eslint" time="0" tests="3" errors="3" name="/home/clacina/projects/OurSpending/spending-ui/src/contexts/batch_contents.context.jsx">
<testcase time="0" name="org.eslint.no-unused-vars" classname="/home/clacina/projects/OurSpending/spending-ui/src/contexts/batch_contents.context"><failure message="&apos;send&apos; is defined but never used."><![CDATA[line 2, col 8, Warning - &apos;send&apos; is defined but never used. (no-unused-vars)]]></failure></testcase>
<testcase time="0" name="org.eslint.no-useless-concat" classname="/home/clacina/projects/OurSpending/spending-ui/src/contexts/batch_contents.context"><failure message="Unexpected string concatenation of literals."><![CDATA[line 14, col 58, Warning - Unexpected string concatenation of literals. (no-useless-concat)]]></failure></testcase>
<testcase time="0" name="org.eslint.react-hooks/exhaustive-deps" classname="/home/clacina/projects/OurSpending/spending-ui/src/contexts/batch_contents.context"><failure message="React Hook useEffect has a complex expression in the dependency array. Extract it to a separate variable so it can be statically checked."><![CDATA[line 24, col 9, Warning - React Hook useEffect has a complex expression in the dependency array. Extract it to a separate variable so it can be statically checked. (react-hooks/exhaustive-deps)]]></failure></testcase>
</testsuite>
<testsuite package="org.eslint" time="0" tests="2" errors="2" name="/home/clacina/projects/OurSpending/spending-ui/src/contexts/batches.context.jsx">
<testcase time="0" name="org.eslint.no-useless-concat" classname="/home/clacina/projects/OurSpending/spending-ui/src/contexts/batches.context"><failure message="Unexpected string concatenation of literals."><![CDATA[line 13, col 58, Warning - Unexpected string concatenation of literals. (no-useless-concat)]]></failure></testcase>
<testcase time="0" name="org.eslint.react-hooks/exhaustive-deps" classname="/home/clacina/projects/OurSpending/spending-ui/src/contexts/batches.context"><failure message="React Hook useEffect has a complex expression in the dependency array. Extract it to a separate variable so it can be statically checked."><![CDATA[line 26, col 9, Warning - React Hook useEffect has a complex expression in the dependency array. Extract it to a separate variable so it can be statically checked. (react-hooks/exhaustive-deps)]]></failure></testcase>
</testsuite>
<testsuite package="org.eslint" time="0" tests="6" errors="6" name="/home/clacina/projects/OurSpending/spending-ui/src/contexts/categories.context.jsx">
<testcase time="0" name="org.eslint.no-useless-concat" classname="/home/clacina/projects/OurSpending/spending-ui/src/contexts/categories.context"><failure message="Unexpected string concatenation of literals."><![CDATA[line 13, col 58, Warning - Unexpected string concatenation of literals. (no-useless-concat)]]></failure></testcase>
<testcase time="0" name="org.eslint.no-useless-concat" classname="/home/clacina/projects/OurSpending/spending-ui/src/contexts/categories.context"><failure message="Unexpected string concatenation of literals."><![CDATA[line 30, col 58, Warning - Unexpected string concatenation of literals. (no-useless-concat)]]></failure></testcase>
<testcase time="0" name="org.eslint.no-unused-vars" classname="/home/clacina/projects/OurSpending/spending-ui/src/contexts/categories.context"><failure message="&apos;str&apos; is assigned a value but never used."><![CDATA[line 32, col 15, Warning - &apos;str&apos; is assigned a value but never used. (no-unused-vars)]]></failure></testcase>
<testcase time="0" name="org.eslint.no-useless-concat" classname="/home/clacina/projects/OurSpending/spending-ui/src/contexts/categories.context"><failure message="Unexpected string concatenation of literals."><![CDATA[line 46, col 58, Warning - Unexpected string concatenation of literals. (no-useless-concat)]]></failure></testcase>
<testcase time="0" name="org.eslint.no-unused-vars" classname="/home/clacina/projects/OurSpending/spending-ui/src/contexts/categories.context"><failure message="&apos;str&apos; is assigned a value but never used."><![CDATA[line 48, col 15, Warning - &apos;str&apos; is assigned a value but never used. (no-unused-vars)]]></failure></testcase>
<testcase time="0" name="org.eslint.react-hooks/exhaustive-deps" classname="/home/clacina/projects/OurSpending/spending-ui/src/contexts/categories.context"><failure message="React Hook useEffect has a complex expression in the dependency array. Extract it to a separate variable so it can be statically checked."><![CDATA[line 55, col 9, Warning - React Hook useEffect has a complex expression in the dependency array. Extract it to a separate variable so it can be statically checked. (react-hooks/exhaustive-deps)]]></failure></testcase>
</testsuite>
<testsuite package="org.eslint" time="0" tests="6" errors="6" name="/home/clacina/projects/OurSpending/spending-ui/src/contexts/processed_batches.context.jsx">
<testcase time="0" name="org.eslint.no-useless-concat" classname="/home/clacina/projects/OurSpending/spending-ui/src/contexts/processed_batches.context"><failure message="Unexpected string concatenation of literals."><![CDATA[line 15, col 58, Warning - Unexpected string concatenation of literals. (no-useless-concat)]]></failure></testcase>
<testcase time="0" name="org.eslint.no-useless-concat" classname="/home/clacina/projects/OurSpending/spending-ui/src/contexts/processed_batches.context"><failure message="Unexpected string concatenation of literals."><![CDATA[line 23, col 58, Warning - Unexpected string concatenation of literals. (no-useless-concat)]]></failure></testcase>
<testcase time="0" name="org.eslint.no-unused-vars" classname="/home/clacina/projects/OurSpending/spending-ui/src/contexts/processed_batches.context"><failure message="&apos;request&apos; is assigned a value but never used."><![CDATA[line 25, col 15, Warning - &apos;request&apos; is assigned a value but never used. (no-unused-vars)]]></failure></testcase>
<testcase time="0" name="org.eslint.no-useless-concat" classname="/home/clacina/projects/OurSpending/spending-ui/src/contexts/processed_batches.context"><failure message="Unexpected string concatenation of literals."><![CDATA[line 30, col 58, Warning - Unexpected string concatenation of literals. (no-useless-concat)]]></failure></testcase>
<testcase time="0" name="org.eslint.no-useless-concat" classname="/home/clacina/projects/OurSpending/spending-ui/src/contexts/processed_batches.context"><failure message="Unexpected string concatenation of literals."><![CDATA[line 51, col 58, Warning - Unexpected string concatenation of literals. (no-useless-concat)]]></failure></testcase>
<testcase time="0" name="org.eslint.react-hooks/exhaustive-deps" classname="/home/clacina/projects/OurSpending/spending-ui/src/contexts/processed_batches.context"><failure message="React Hook useEffect has a complex expression in the dependency array. Extract it to a separate variable so it can be statically checked."><![CDATA[line 62, col 9, Warning - React Hook useEffect has a complex expression in the dependency array. Extract it to a separate variable so it can be statically checked. (react-hooks/exhaustive-deps)]]></failure></testcase>
</testsuite>
<testsuite package="org.eslint" time="0" tests="4" errors="4" name="/home/clacina/projects/OurSpending/spending-ui/src/contexts/processed_transactions.context.jsx">
<testcase time="0" name="org.eslint.no-unused-vars" classname="/home/clacina/projects/OurSpending/spending-ui/src/contexts/processed_transactions.context"><failure message="&apos;processedTransactionsMap&apos; is assigned a value but never used."><![CDATA[line 9, col 12, Warning - &apos;processedTransactionsMap&apos; is assigned a value but never used. (no-unused-vars)]]></failure></testcase>
<testcase time="0" name="org.eslint.no-useless-concat" classname="/home/clacina/projects/OurSpending/spending-ui/src/contexts/processed_transactions.context"><failure message="Unexpected string concatenation of literals."><![CDATA[line 15, col 58, Warning - Unexpected string concatenation of literals. (no-useless-concat)]]></failure></testcase>
<testcase time="0" name="org.eslint.react-hooks/exhaustive-deps" classname="/home/clacina/projects/OurSpending/spending-ui/src/contexts/processed_transactions.context"><failure message="React Hook useEffect has a missing dependency: &apos;currentBatchId&apos;. Either include it or remove the dependency array."><![CDATA[line 31, col 8, Warning - React Hook useEffect has a missing dependency: &apos;currentBatchId&apos;. Either include it or remove the dependency array. (react-hooks/exhaustive-deps)]]></failure></testcase>
<testcase time="0" name="org.eslint.react-hooks/exhaustive-deps" classname="/home/clacina/projects/OurSpending/spending-ui/src/contexts/processed_transactions.context"><failure message="React Hook useEffect has a complex expression in the dependency array. Extract it to a separate variable so it can be statically checked."><![CDATA[line 31, col 9, Warning - React Hook useEffect has a complex expression in the dependency array. Extract it to a separate variable so it can be statically checked. (react-hooks/exhaustive-deps)]]></failure></testcase>
</testsuite>
<testsuite package="org.eslint" time="0" tests="1" errors="1" name="/home/clacina/projects/OurSpending/spending-ui/src/contexts/qualifiers.context.jsx">
<testcase time="0" name="org.eslint.react-hooks/exhaustive-deps" classname="/home/clacina/projects/OurSpending/spending-ui/src/contexts/qualifiers.context"><failure message="React Hook useEffect has a complex expression in the dependency array. Extract it to a separate variable so it can be statically checked."><![CDATA[line 38, col 9, Warning - React Hook useEffect has a complex expression in the dependency array. Extract it to a separate variable so it can be statically checked. (react-hooks/exhaustive-deps)]]></failure></testcase>
</testsuite>
<testsuite package="org.eslint" time="0" tests="2" errors="2" name="/home/clacina/projects/OurSpending/spending-ui/src/contexts/saved_filters_context.jsx">
<testcase time="0" name="org.eslint.no-useless-concat" classname="/home/clacina/projects/OurSpending/spending-ui/src/contexts/saved_filters_context"><failure message="Unexpected string concatenation of literals."><![CDATA[line 14, col 58, Warning - Unexpected string concatenation of literals. (no-useless-concat)]]></failure></testcase>
<testcase time="0" name="org.eslint.react-hooks/exhaustive-deps" classname="/home/clacina/projects/OurSpending/spending-ui/src/contexts/saved_filters_context"><failure message="React Hook useEffect has a complex expression in the dependency array. Extract it to a separate variable so it can be statically checked."><![CDATA[line 28, col 9, Warning - React Hook useEffect has a complex expression in the dependency array. Extract it to a separate variable so it can be statically checked. (react-hooks/exhaustive-deps)]]></failure></testcase>
</testsuite>
<testsuite package="org.eslint" time="0" tests="5" errors="5" name="/home/clacina/projects/OurSpending/spending-ui/src/contexts/static_data.context.jsx">
<testcase time="0" name="org.eslint.no-useless-concat" classname="/home/clacina/projects/OurSpending/spending-ui/src/contexts/static_data.context"><failure message="Unexpected string concatenation of literals."><![CDATA[line 22, col 58, Warning - Unexpected string concatenation of literals. (no-useless-concat)]]></failure></testcase>
<testcase time="0" name="org.eslint.no-useless-concat" classname="/home/clacina/projects/OurSpending/spending-ui/src/contexts/static_data.context"><failure message="Unexpected string concatenation of literals."><![CDATA[line 29, col 58, Warning - Unexpected string concatenation of literals. (no-useless-concat)]]></failure></testcase>
<testcase time="0" name="org.eslint.no-useless-concat" classname="/home/clacina/projects/OurSpending/spending-ui/src/contexts/static_data.context"><failure message="Unexpected string concatenation of literals."><![CDATA[line 36, col 58, Warning - Unexpected string concatenation of literals. (no-useless-concat)]]></failure></testcase>
<testcase time="0" name="org.eslint.no-useless-concat" classname="/home/clacina/projects/OurSpending/spending-ui/src/contexts/static_data.context"><failure message="Unexpected string concatenation of literals."><![CDATA[line 43, col 58, Warning - Unexpected string concatenation of literals. (no-useless-concat)]]></failure></testcase>
<testcase time="0" name="org.eslint.no-useless-concat" classname="/home/clacina/projects/OurSpending/spending-ui/src/contexts/static_data.context"><failure message="Unexpected string concatenation of literals."><![CDATA[line 50, col 58, Warning - Unexpected string concatenation of literals. (no-useless-concat)]]></failure></testcase>
</testsuite>
<testsuite package="org.eslint" time="0" tests="4" errors="4" name="/home/clacina/projects/OurSpending/spending-ui/src/contexts/tags.context.jsx">
<testcase time="0" name="org.eslint.no-useless-concat" classname="/home/clacina/projects/OurSpending/spending-ui/src/contexts/tags.context"><failure message="Unexpected string concatenation of literals."><![CDATA[line 59, col 58, Warning - Unexpected string concatenation of literals. (no-useless-concat)]]></failure></testcase>
<testcase time="0" name="org.eslint.no-useless-concat" classname="/home/clacina/projects/OurSpending/spending-ui/src/contexts/tags.context"><failure message="Unexpected string concatenation of literals."><![CDATA[line 83, col 58, Warning - Unexpected string concatenation of literals. (no-useless-concat)]]></failure></testcase>
<testcase time="0" name="org.eslint.no-useless-concat" classname="/home/clacina/projects/OurSpending/spending-ui/src/contexts/tags.context"><failure message="Unexpected string concatenation of literals."><![CDATA[line 101, col 58, Warning - Unexpected string concatenation of literals. (no-useless-concat)]]></failure></testcase>
<testcase time="0" name="org.eslint.react-hooks/exhaustive-deps" classname="/home/clacina/projects/OurSpending/spending-ui/src/contexts/tags.context"><failure message="React Hook useEffect has a complex expression in the dependency array. Extract it to a separate variable so it can be statically checked."><![CDATA[line 127, col 9, Warning - React Hook useEffect has a complex expression in the dependency array. Extract it to a separate variable so it can be statically checked. (react-hooks/exhaustive-deps)]]></failure></testcase>
</testsuite>
<testsuite package="org.eslint" time="0" tests="8" errors="8" name="/home/clacina/projects/OurSpending/spending-ui/src/contexts/templates.context.jsx">
<testcase time="0" name="org.eslint.no-useless-concat" classname="/home/clacina/projects/OurSpending/spending-ui/src/contexts/templates.context"><failure message="Unexpected string concatenation of literals."><![CDATA[line 17, col 58, Warning - Unexpected string concatenation of literals. (no-useless-concat)]]></failure></testcase>
<testcase time="0" name="org.eslint.no-useless-concat" classname="/home/clacina/projects/OurSpending/spending-ui/src/contexts/templates.context"><failure message="Unexpected string concatenation of literals."><![CDATA[line 25, col 58, Warning - Unexpected string concatenation of literals. (no-useless-concat)]]></failure></testcase>
<testcase time="0" name="org.eslint.no-useless-concat" classname="/home/clacina/projects/OurSpending/spending-ui/src/contexts/templates.context"><failure message="Unexpected string concatenation of literals."><![CDATA[line 34, col 58, Warning - Unexpected string concatenation of literals. (no-useless-concat)]]></failure></testcase>
<testcase time="0" name="org.eslint.no-useless-concat" classname="/home/clacina/projects/OurSpending/spending-ui/src/contexts/templates.context"><failure message="Unexpected string concatenation of literals."><![CDATA[line 52, col 62, Warning - Unexpected string concatenation of literals. (no-useless-concat)]]></failure></testcase>
<testcase time="0" name="org.eslint.no-useless-concat" classname="/home/clacina/projects/OurSpending/spending-ui/src/contexts/templates.context"><failure message="Unexpected string concatenation of literals."><![CDATA[line 70, col 60, Warning - Unexpected string concatenation of literals. (no-useless-concat)]]></failure></testcase>
<testcase time="0" name="org.eslint.no-useless-concat" classname="/home/clacina/projects/OurSpending/spending-ui/src/contexts/templates.context"><failure message="Unexpected string concatenation of literals."><![CDATA[line 72, col 60, Warning - Unexpected string concatenation of literals. (no-useless-concat)]]></failure></testcase>
<testcase time="0" name="org.eslint.react-hooks/exhaustive-deps" classname="/home/clacina/projects/OurSpending/spending-ui/src/contexts/templates.context"><failure message="React Hook useEffect has a complex expression in the dependency array. Extract it to a separate variable so it can be statically checked."><![CDATA[line 90, col 9, Warning - React Hook useEffect has a complex expression in the dependency array. Extract it to a separate variable so it can be statically checked. (react-hooks/exhaustive-deps)]]></failure></testcase>
<testcase time="0" name="org.eslint.react-hooks/exhaustive-deps" classname="/home/clacina/projects/OurSpending/spending-ui/src/contexts/templates.context"><failure message="React Hook useEffect has a complex expression in the dependency array. Extract it to a separate variable so it can be statically checked."><![CDATA[line 98, col 9, Warning - React Hook useEffect has a complex expression in the dependency array. Extract it to a separate variable so it can be statically checked. (react-hooks/exhaustive-deps)]]></failure></testcase>
</testsuite>
<testsuite package="org.eslint" time="0" tests="12" errors="12" name="/home/clacina/projects/OurSpending/spending-ui/src/contexts/transactions.context.jsx">
<testcase time="0" name="org.eslint.no-unused-vars" classname="/home/clacina/projects/OurSpending/spending-ui/src/contexts/transactions.context"><failure message="&apos;transactionsMap&apos; is assigned a value but never used."><![CDATA[line 11, col 12, Warning - &apos;transactionsMap&apos; is assigned a value but never used. (no-unused-vars)]]></failure></testcase>
<testcase time="0" name="org.eslint.no-useless-concat" classname="/home/clacina/projects/OurSpending/spending-ui/src/contexts/transactions.context"><failure message="Unexpected string concatenation of literals."><![CDATA[line 18, col 58, Warning - Unexpected string concatenation of literals. (no-useless-concat)]]></failure></testcase>
<testcase time="0" name="org.eslint.no-unused-vars" classname="/home/clacina/projects/OurSpending/spending-ui/src/contexts/transactions.context"><failure message="&apos;updateTransaction&apos; is assigned a value but never used."><![CDATA[line 24, col 11, Warning - &apos;updateTransaction&apos; is assigned a value but never used. (no-unused-vars)]]></failure></testcase>
<testcase time="0" name="org.eslint.no-useless-concat" classname="/home/clacina/projects/OurSpending/spending-ui/src/contexts/transactions.context"><failure message="Unexpected string concatenation of literals."><![CDATA[line 34, col 58, Warning - Unexpected string concatenation of literals. (no-useless-concat)]]></failure></testcase>
<testcase time="0" name="org.eslint.no-useless-concat" classname="/home/clacina/projects/OurSpending/spending-ui/src/contexts/transactions.context"><failure message="Unexpected string concatenation of literals."><![CDATA[line 54, col 58, Warning - Unexpected string concatenation of literals. (no-useless-concat)]]></failure></testcase>
<testcase time="0" name="org.eslint.no-unused-vars" classname="/home/clacina/projects/OurSpending/spending-ui/src/contexts/transactions.context"><failure message="&apos;request&apos; is assigned a value but never used."><![CDATA[line 56, col 15, Warning - &apos;request&apos; is assigned a value but never used. (no-unused-vars)]]></failure></testcase>
<testcase time="0" name="org.eslint.no-useless-concat" classname="/home/clacina/projects/OurSpending/spending-ui/src/contexts/transactions.context"><failure message="Unexpected string concatenation of literals."><![CDATA[line 77, col 58, Warning - Unexpected string concatenation of literals. (no-useless-concat)]]></failure></testcase>
<testcase time="0" name="org.eslint.no-unused-vars" classname="/home/clacina/projects/OurSpending/spending-ui/src/contexts/transactions.context"><failure message="&apos;request&apos; is assigned a value but never used."><![CDATA[line 79, col 15, Warning - &apos;request&apos; is assigned a value but never used. (no-unused-vars)]]></failure></testcase>
<testcase time="0" name="org.eslint.no-useless-concat" classname="/home/clacina/projects/OurSpending/spending-ui/src/contexts/transactions.context"><failure message="Unexpected string concatenation of literals."><![CDATA[line 88, col 58, Warning - Unexpected string concatenation of literals. (no-useless-concat)]]></failure></testcase>
<testcase time="0" name="org.eslint.no-unused-vars" classname="/home/clacina/projects/OurSpending/spending-ui/src/contexts/transactions.context"><failure message="&apos;request&apos; is assigned a value but never used."><![CDATA[line 90, col 15, Warning - &apos;request&apos; is assigned a value but never used. (no-unused-vars)]]></failure></testcase>
<testcase time="0" name="org.eslint.react-hooks/exhaustive-deps" classname="/home/clacina/projects/OurSpending/spending-ui/src/contexts/transactions.context"><failure message="React Hook useEffect has a missing dependency: &apos;currentBatchId&apos;. Either include it or remove the dependency array."><![CDATA[line 102, col 8, Warning - React Hook useEffect has a missing dependency: &apos;currentBatchId&apos;. Either include it or remove the dependency array. (react-hooks/exhaustive-deps)]]></failure></testcase>
<testcase time="0" name="org.eslint.react-hooks/exhaustive-deps" classname="/home/clacina/projects/OurSpending/spending-ui/src/contexts/transactions.context"><failure message="React Hook useEffect has a complex expression in the dependency array. Extract it to a separate variable so it can be statically checked."><![CDATA[line 102, col 9, Warning - React Hook useEffect has a complex expression in the dependency array. Extract it to a separate variable so it can be statically checked. (react-hooks/exhaustive-deps)]]></failure></testcase>
</testsuite>
<testsuite package="org.eslint" time="0" tests="1" errors="1" name="/home/clacina/projects/OurSpending/spending-ui/src/routes/home/home.component.jsx">
<testcase time="0" name="org.eslint.react-hooks/exhaustive-deps" classname="/home/clacina/projects/OurSpending/spending-ui/src/routes/home/home.component"><failure message="React Hook useEffect has a missing dependency: &apos;setSectionTitle&apos;. Either include it or remove the dependency array."><![CDATA[line 10, col 8, Warning - React Hook useEffect has a missing dependency: &apos;setSectionTitle&apos;. Either include it or remove the dependency array. (react-hooks/exhaustive-deps)]]></failure></testcase>
</testsuite>
<testsuite package="org.eslint" time="0" tests="1" errors="1" name="/home/clacina/projects/OurSpending/spending-ui/src/routes/navigation/navigation.component.jsx">
<testcase time="0" name="org.eslint.no-unused-vars" classname="/home/clacina/projects/OurSpending/spending-ui/src/routes/navigation/navigation.component"><failure message="&apos;useEffect&apos; is defined but never used."><![CDATA[line 5, col 28, Warning - &apos;useEffect&apos; is defined but never used. (no-unused-vars)]]></failure></testcase>
</testsuite>
<testsuite package="org.eslint" time="0" tests="1" errors="0" name="/home/clacina/projects/OurSpending/spending-ui/src/routes/temp/temp.component.jsx">
<testcase time="0" name="/home/clacina/projects/OurSpending/spending-ui/src/routes/temp/temp.component.jsx" classname="/home/clacina/projects/OurSpending/spending-ui/src/routes/temp/temp.component" />
</testsuite>
<testsuite package="org.eslint" time="0" tests="1" errors="0" name="/home/clacina/projects/OurSpending/spending-ui/src/utils/emojis.jsx">
<testcase time="0" name="/home/clacina/projects/OurSpending/spending-ui/src/utils/emojis.jsx" classname="/home/clacina/projects/OurSpending/spending-ui/src/utils/emojis" />
</testsuite>
</testsuites>
